<?xml version="1.0" encoding="UTF-8"?>
<!-- Generated by org.testng.reporters.JUnitReportReporter -->
<testsuite hostname="Abhishek" failures="0" tests="1" name="com.banking.testCases.TC_LoginTest_001" time="1.265" errors="0" timestamp="2022-01-28T13:56:31 IST" skipped="0">
  <testcase classname="com.banking.testCases.TC_LoginTest_001" name="LoginTest" time="1.265"/>
  <system-out/>
</testsuite> <!-- com.banking.testCases.TC_LoginTest_001 -->
