<?xml version="1.0" encoding="UTF-8"?>
<!-- Generated by org.testng.reporters.JUnitReportReporter -->
<testsuite hostname="Abhishek" failures="0" tests="1" name="com.banking.testCases.TC_AddCustomerTest_003" time="16.177" errors="0" timestamp="2022-01-28T13:56:31 IST" skipped="0">
  <testcase classname="com.banking.testCases.TC_AddCustomerTest_003" name="addNewCustomer" time="16.177"/>
  <system-out/>
</testsuite> <!-- com.banking.testCases.TC_AddCustomerTest_003 -->
